0 info it worked if it ends with ok
1 verbose cli [ 'c:\\Program Files\\nodejs\\node.exe',
1 verbose cli   'c:\\Program Files\\nodejs\\node_modules\\npm\\bin\\npm-cli.js',
1 verbose cli   'install',
1 verbose cli   'sass-grunt' ]
2 info using npm@2.14.7
3 info using node@v4.2.0
4 verbose install initial load of c:\xampp\htdocs\dayscript\ligadirectv\sites\all\themes\ligadirectv_foundation\package.json
5 warn package.json ligadirectv_foundation@0.0.2 No repository field.
6 warn package.json ligadirectv_foundation@0.0.2 No license field.
7 verbose installManyTop reading scoped package data from c:\xampp\htdocs\dayscript\ligadirectv\sites\all\themes\ligadirectv_foundation\node_modules\grunt\package.json
8 verbose installManyTop reading scoped package data from c:\xampp\htdocs\dayscript\ligadirectv\sites\all\themes\ligadirectv_foundation\node_modules\grunt-contrib-jshint\package.json
9 verbose installManyTop reading scoped package data from c:\xampp\htdocs\dayscript\ligadirectv\sites\all\themes\ligadirectv_foundation\node_modules\grunt-contrib-uglify\package.json
10 verbose installManyTop reading scoped package data from c:\xampp\htdocs\dayscript\ligadirectv\sites\all\themes\ligadirectv_foundation\node_modules\grunt-contrib-watch\package.json
11 verbose installManyTop reading scoped package data from c:\xampp\htdocs\dayscript\ligadirectv\sites\all\themes\ligadirectv_foundation\node_modules\grunt-drush\package.json
12 verbose installManyTop reading scoped package data from c:\xampp\htdocs\dayscript\ligadirectv\sites\all\themes\ligadirectv_foundation\node_modules\grunt-sass\package.json
13 verbose installManyTop reading scoped package data from c:\xampp\htdocs\dayscript\ligadirectv\sites\all\themes\ligadirectv_foundation\node_modules\gulp-sass\package.json
14 verbose installManyTop reading scoped package data from c:\xampp\htdocs\dayscript\ligadirectv\sites\all\themes\ligadirectv_foundation\node_modules\load-grunt-tasks\package.json
15 verbose installManyTop reading scoped package data from c:\xampp\htdocs\dayscript\ligadirectv\sites\all\themes\ligadirectv_foundation\node_modules\node-bourbon\package.json
16 verbose installManyTop reading scoped package data from c:\xampp\htdocs\dayscript\ligadirectv\sites\all\themes\ligadirectv_foundation\node_modules\node-sass\package.json
17 verbose installManyTop reading scoped package data from c:\xampp\htdocs\dayscript\ligadirectv\sites\all\themes\ligadirectv_foundation\node_modules\sass\package.json
18 info package.json grunt-contrib-jshint@0.10.0 No license field.
19 info package.json grunt-contrib-uglify@0.5.1 No license field.
20 info package.json grunt@0.4.5 No license field.
21 info package.json grunt-contrib-watch@0.6.1 No license field.
22 info package.json grunt-drush@0.0.7 No license field.
23 info package.json sass@0.5.0 No repository field.
24 info package.json sass@0.5.0 No license field.
25 verbose readDependencies loading dependencies from c:\xampp\htdocs\dayscript\ligadirectv\sites\all\themes\ligadirectv_foundation\package.json
26 silly cache add args [ 'sass-grunt', null ]
27 verbose cache add spec sass-grunt
28 silly cache add parsed spec Result {
28 silly cache add   raw: 'sass-grunt',
28 silly cache add   scope: null,
28 silly cache add   name: 'sass-grunt',
28 silly cache add   rawSpec: '',
28 silly cache add   spec: '*',
28 silly cache add   type: 'range' }
29 silly addNamed sass-grunt@*
30 verbose addNamed "*" is a valid semver range for sass-grunt
31 silly addNameRange { name: 'sass-grunt', range: '*', hasData: false }
32 silly mapToRegistry name sass-grunt
33 silly mapToRegistry using default registry
34 silly mapToRegistry registry https://registry.npmjs.org/
35 silly mapToRegistry uri https://registry.npmjs.org/sass-grunt
36 verbose addNameRange registry:https://registry.npmjs.org/sass-grunt not in flight; fetching
37 verbose request uri https://registry.npmjs.org/sass-grunt
38 verbose request no auth needed
39 info attempt registry request try #1 at 12:23:37
40 verbose request id 51a42ad2f104b35f
41 http request GET https://registry.npmjs.org/sass-grunt
42 http 404 https://registry.npmjs.org/sass-grunt
43 verbose headers { 'content-type': 'application/json',
43 verbose headers   'cache-control': 'max-age=0',
43 verbose headers   'content-length': '2',
43 verbose headers   'accept-ranges': 'bytes',
43 verbose headers   date: 'Wed, 23 Dec 2015 17:23:39 GMT',
43 verbose headers   via: '1.1 varnish',
43 verbose headers   age: '0',
43 verbose headers   connection: 'keep-alive',
43 verbose headers   'x-served-by': 'cache-iad2130-IAD',
43 verbose headers   'x-cache': 'MISS',
43 verbose headers   'x-cache-hits': '0',
43 verbose headers   'x-timer': 'S1450891419.189679,VS0,VE34' }
44 silly get cb [ 404,
44 silly get   { 'content-type': 'application/json',
44 silly get     'cache-control': 'max-age=0',
44 silly get     'content-length': '2',
44 silly get     'accept-ranges': 'bytes',
44 silly get     date: 'Wed, 23 Dec 2015 17:23:39 GMT',
44 silly get     via: '1.1 varnish',
44 silly get     age: '0',
44 silly get     connection: 'keep-alive',
44 silly get     'x-served-by': 'cache-iad2130-IAD',
44 silly get     'x-cache': 'MISS',
44 silly get     'x-cache-hits': '0',
44 silly get     'x-timer': 'S1450891419.189679,VS0,VE34' } ]
45 verbose stack Error: Registry returned 404 for GET on https://registry.npmjs.org/sass-grunt
45 verbose stack     at makeError (c:\Program Files\nodejs\node_modules\npm\node_modules\npm-registry-client\lib\request.js:264:12)
45 verbose stack     at CachingRegistryClient.<anonymous> (c:\Program Files\nodejs\node_modules\npm\node_modules\npm-registry-client\lib\request.js:242:14)
45 verbose stack     at Request._callback (c:\Program Files\nodejs\node_modules\npm\node_modules\npm-registry-client\lib\request.js:172:14)
45 verbose stack     at Request.self.callback (c:\Program Files\nodejs\node_modules\npm\node_modules\request\request.js:198:22)
45 verbose stack     at emitTwo (events.js:87:13)
45 verbose stack     at Request.emit (events.js:172:7)
45 verbose stack     at Request.<anonymous> (c:\Program Files\nodejs\node_modules\npm\node_modules\request\request.js:1063:14)
45 verbose stack     at emitOne (events.js:82:20)
45 verbose stack     at Request.emit (events.js:169:7)
45 verbose stack     at IncomingMessage.<anonymous> (c:\Program Files\nodejs\node_modules\npm\node_modules\request\request.js:1009:12)
46 verbose statusCode 404
47 verbose pkgid sass-grunt
48 verbose cwd c:\xampp\htdocs\dayscript\ligadirectv\sites\all\themes\ligadirectv_foundation
49 error Windows_NT 10.0.10586
50 error argv "c:\\Program Files\\nodejs\\node.exe" "c:\\Program Files\\nodejs\\node_modules\\npm\\bin\\npm-cli.js" "install" "sass-grunt"
51 error node v4.2.0
52 error npm  v2.14.7
53 error code E404
54 error 404 Registry returned 404 for GET on https://registry.npmjs.org/sass-grunt
54 error 404
54 error 404 'sass-grunt' is not in the npm registry.
54 error 404 You should bug the author to publish it (or use the name yourself!)
54 error 404 It was specified as a dependency of 'ligadirectv_foundation'
54 error 404
54 error 404 Note that you can also install from a
54 error 404 tarball, folder, http url, or git url.
55 verbose exit [ 1, true ]
